<?xml version="1.0" encoding="UTF-8"?>
<!-- Generated by org.testng.reporters.JUnitReportReporter -->
<testsuite hostname="DESKTOP-GQJK560" failures="0" tests="2" name="com.capstone.AadharCitizen" time="19.096" errors="0" timestamp="2022-10-14T01:12:40 IST" skipped="0">
  <testcase classname="com.capstone.AadharCitizen" name="ChromeBrowser" time="3.059"/>
  <system-out/>
  <testcase classname="com.capstone.AadharCitizen" name="CitizenCheck" time="16.037"/>
  <system-out/>
</testsuite> <!-- com.capstone.AadharCitizen -->
