<?xml version="1.0" encoding="UTF-8"?>
<!-- Generated by org.testng.reporters.JUnitReportReporter -->
<testsuite hostname="DESKTOP-GQJK560" failures="0" tests="2" name="com.capstone.AadharRegister" time="19.622" errors="0" timestamp="2022-10-14T01:12:40 IST" skipped="0">
  <testcase classname="com.capstone.AadharRegister" name="TestHome" time="15.020"/>
  <system-out/>
  <testcase classname="com.capstone.AadharRegister" name="ChromeBrowser" time="4.602"/>
  <system-out/>
</testsuite> <!-- com.capstone.AadharRegister -->
