<?xml version="1.0" encoding="UTF-8"?>
<!-- Generated by org.testng.reporters.JUnitReportReporter -->
<testsuite hostname="DESKTOP-GQJK560" failures="0" tests="2" name="com.capstone.AadharAdmin" time="19.065" errors="0" timestamp="2022-10-14T01:12:40 IST" skipped="0">
  <testcase classname="com.capstone.AadharAdmin" name="ChromeBrowser" time="1.626"/>
  <system-out/>
  <testcase classname="com.capstone.AadharAdmin" name="TestHome" time="17.439"/>
  <system-out/>
</testsuite> <!-- com.capstone.AadharAdmin -->
